[+] Containers:
 |- [+] Container: /Game/ThirdPerson/Maps/TempleIntWorkMaybe
 |   |- [+] ActorDescs:
 |   |   |- Guid:03853C96438A1092BED17789AB26CD94 BaseClass: NativeClass:/Script/Engine.TextRenderActor Name:TextRenderActor_1 Label:TextRenderActor SpatiallyLoaded:1 Bounds:IsValid=true, Min=(X=-0.100 Y=1100.000 Z=-794.987), Max=(X=-0.100 Y=2392.308 Z=-644.987) RuntimeGrid:None EditorOnly:0 RuntimeOnly:0 HLODRelevant:0
 |   |   |- Guid:03D1A5194330A91C8B30788752F33885 BaseClass: NativeClass:/Script/NavigationSystem.NavMeshBoundsVolume Name:NavMeshBoundsVolume_UAID_088FC32E6AF54EA601_1613275183 Label:NavMeshBoundsVolume SpatiallyLoaded:0 Bounds:IsValid=true, Min=(X=-6390.000 Y=-2110.000 Z=-3205.000), Max=(X=9310.000 Y=5590.000 Z=1945.000) RuntimeGrid:None EditorOnly:0 RuntimeOnly:0 HLODRelevant:0
 |   |   |- Guid:0FF81C0F41C18C3493A0B499AA61058E BaseClass: NativeClass:/Script/Engine.StaticMeshActor Name:StaticMeshActor_UAID_088FC327B42236A801_1141128073 Label:SM_Cube3 SpatiallyLoaded:1 Bounds:IsValid=true, Min=(X=7970.000 Y=0.000 Z=-860.000), Max=(X=8070.000 Y=3000.000 Z=640.000) RuntimeGrid:None EditorOnly:0 RuntimeOnly:0 HLODRelevant:1 FolderPath:Playground FolderGuid:C73F09FC4215536B1DCE2A9E0A830C70
 |   |   |- Guid:16551366454962231269A58E62F1EDB0 BaseClass:/Game/Developers/kraft/Blueprints/BP_Char2_JK1.BP_Char2_JK1_C NativeClass:/Script/Engine.Character Name:BP_Char2_JK1_C_UAID_088FC32E6AF51BA401_1375255099 Label:BP_Char2_JK1 SpatiallyLoaded:1 Bounds:IsValid=true, Min=(X=267.207 Y=897.131 Z=-845.476), Max=(X=313.158 Y=942.491 Z=-755.000) RuntimeGrid:None EditorOnly:0 RuntimeOnly:0 HLODRelevant:0
 |   |   |- Guid:171699BA40F4E0FDF3D2929B62180DE0 BaseClass: NativeClass:/Script/Engine.SkyLight Name:SkyLight_1 Label:SkyLight SpatiallyLoaded:0 Bounds:IsValid=true, Min=(X=0.000 Y=0.000 Z=-170.000), Max=(X=0.000 Y=0.000 Z=-170.000) RuntimeGrid:None EditorOnly:0 RuntimeOnly:0 HLODRelevant:0 FolderPath:Lighting FolderGuid:963EC3EB4002CCE9759E2EBA541A873A
 |   |   |- Guid:17BC9FBD45AF0E532F7D7BA7B7D75272 BaseClass: NativeClass:/Script/Engine.StaticMeshActor Name:StaticMeshActor_UAID_088FC327B42236A801_1634318082 Label:SM_Cube13 SpatiallyLoaded:1 Bounds:IsValid=true, Min=(X=439.776 Y=1415.550 Z=-901.050), Max=(X=664.776 Y=1665.550 Z=-701.050) RuntimeGrid:None EditorOnly:0 RuntimeOnly:0 HLODRelevant:1 FolderPath:Block01 FolderGuid:7D23E5AE4C2A421F86AF6986D87E6D05
 |   |   |- Guid:19F2023D433B1F0E5E0BA9B416222504 BaseClass: NativeClass:/Script/Engine.WorldDataLayers Name:WorldDataLayers Label:WorldDataLayers SpatiallyLoaded:0 Bounds:IsValid=true, Min=(X=0.000 Y=0.000 Z=0.000), Max=(X=0.000 Y=0.000 Z=0.000) RuntimeGrid:None EditorOnly:0 RuntimeOnly:0 HLODRelevant:0
 |   |   |- Guid:1C6343A3446E89C4BCCA4D9EA3D86CB1 BaseClass: NativeClass:/Script/Engine.StaticMeshActor Name:StaticMeshActor_UAID_088FC327B42236A801_1628360079 Label:SM_Cube10 SpatiallyLoaded:1 Bounds:IsValid=true, Min=(X=660.000 Y=1440.000 Z=-900.000), Max=(X=910.000 Y=1665.000 Z=-700.000) RuntimeGrid:None EditorOnly:0 RuntimeOnly:0 HLODRelevant:1 FolderPath:Block01 FolderGuid:7D23E5AE4C2A421F86AF6986D87E6D05
 |   |   |- Guid:1E34514F4224C39B33BD2CB9E40A9574 BaseClass: NativeClass:/Script/Engine.StaticMeshActor Name:StaticMeshActor_UAID_088FC327B42236A801_1901530090 Label:SM_Cube19 SpatiallyLoaded:1 Bounds:IsValid=true, Min=(X=1570.000 Y=440.000 Z=-900.000), Max=(X=1820.000 Y=665.000 Z=-700.000) RuntimeGrid:None EditorOnly:0 RuntimeOnly:0 HLODRelevant:1 FolderPath:Block01 FolderGuid:7D23E5AE4C2A421F86AF6986D87E6D05
 |   |   |- Guid:1EF65207479F5C5E4F19F98D3A23E068 BaseClass: NativeClass:/Script/Engine.StaticMeshActor Name:StaticMeshActor_UAID_088FC327B42236A801_1901536097 Label:SM_Cube26 SpatiallyLoaded:1 Bounds:IsValid=true, Min=(X=909.776 Y=-4.450 Z=-901.050), Max=(X=1134.776 Y=245.550 Z=-701.050) RuntimeGrid:None EditorOnly:0 RuntimeOnly:0 HLODRelevant:1 FolderPath:Block01 FolderGuid:7D23E5AE4C2A421F86AF6986D87E6D05
 |   |   |- Guid:243630AB47E72A2623299899BA957A47 BaseClass: NativeClass:/Script/Engine.StaticMeshActor Name:StaticMeshActor_UAID_088FC327B42236A801_1901536098 Label:SM_Cube27 SpatiallyLoaded:1 Bounds:IsValid=true, Min=(X=1129.776 Y=-4.450 Z=-901.050), Max=(X=1354.776 Y=245.550 Z=-701.050) RuntimeGrid:None EditorOnly:0 RuntimeOnly:0 HLODRelevant:1 FolderPath:Block01 FolderGuid:7D23E5AE4C2A421F86AF6986D87E6D05
 |   |   |- Guid:27E80D4D4E5529E5AFBA7584FCEE0F04 BaseClass: NativeClass:/Script/Engine.PlayerStart Name:PlayerStart_0 Label:PlayerStart SpatiallyLoaded:0 Bounds:IsValid=true, Min=(X=860.000 Y=1070.000 Z=-859.987), Max=(X=940.000 Y=1150.000 Z=-675.987) RuntimeGrid:None EditorOnly:0 RuntimeOnly:0 HLODRelevant:0
 |   |   |- Guid:33BF77B643CDB9E8451C5298A014E118 BaseClass: NativeClass:/Script/Engine.StaticMeshActor Name:StaticMeshActor_UAID_088FC327B42236A801_1591622076 Label:SM_Cube7 SpatiallyLoaded:1 Bounds:IsValid=true, Min=(X=660.000 Y=440.000 Z=-900.000), Max=(X=910.000 Y=665.000 Z=-700.000) RuntimeGrid:None EditorOnly:0 RuntimeOnly:0 HLODRelevant:1 FolderPath:Block01 FolderGuid:7D23E5AE4C2A421F86AF6986D87E6D05
 |   |   |- Guid:3851110B4108028F08EC1CAA6E4EA9D7 BaseClass: NativeClass:/Script/Engine.DirectionalLight Name:DirectionalLight_0 Label:DirectionalLight SpatiallyLoaded:0 Bounds:IsValid=true, Min=(X=-4398046511104.000 Y=-4398046511104.000 Z=-4398046511104.000), Max=(X=4398046511104.000 Y=4398046511104.000 Z=4398046511104.000) RuntimeGrid:None EditorOnly:0 RuntimeOnly:0 HLODRelevant:0 FolderPath:Lighting FolderGuid:963EC3EB4002CCE9759E2EBA541A873A
 |   |   |- Guid:40E9DA6443E6B573DE418BB6022053A7 BaseClass: NativeClass:/Script/Engine.StaticMeshActor Name:StaticMeshActor_UAID_088FC327B42236A801_1714454085 Label:SM_Cube16 SpatiallyLoaded:1 Bounds:IsValid=true, Min=(X=439.776 Y=-4.450 Z=-901.050), Max=(X=664.776 Y=245.550 Z=-701.050) RuntimeGrid:None EditorOnly:0 RuntimeOnly:0 HLODRelevant:1 FolderPath:Block01 FolderGuid:7D23E5AE4C2A421F86AF6986D87E6D05
 |   |   |- Guid:435E275C4BEED21508385A8E0E858564 BaseClass: NativeClass:/Script/Engine.PointLight Name:PointLight_UAID_088FC327B42236A801_1738251086 Label:PointLight SpatiallyLoaded:1 Bounds:IsValid=true, Min=(X=-1150.000 Y=-230.000 Z=-1680.000), Max=(X=850.000 Y=1770.000 Z=320.000) RuntimeGrid:None EditorOnly:0 RuntimeOnly:0 HLODRelevant:0
 |   |   |- Guid:4BA57AC5487B2B5FEBC964A2E7F5A1D0 BaseClass:/Game/Developers/kraft/Blueprints/BP_ButtonBase.BP_ButtonBase_C NativeClass:/Script/Engine.Actor Name:BP_ButtonBase_C_UAID_088FC32E6AF5A9A701_1713712255 Label:BP_ButtonBase SpatiallyLoaded:1 Bounds:IsValid=true, Min=(X=588.000 Y=958.000 Z=-812.000), Max=(X=652.000 Y=1022.000 Z=-748.000) RuntimeGrid:None EditorOnly:0 RuntimeOnly:0 HLODRelevant:0
 |   |   |- Guid:544B7AA24700BDF8722E0995C05688BC BaseClass: NativeClass:/Script/Engine.StaticMeshActor Name:StaticMeshActor_UAID_088FC327B42236A801_1901535096 Label:SM_Cube25 SpatiallyLoaded:1 Bounds:IsValid=true, Min=(X=1349.776 Y=1415.550 Z=-901.050), Max=(X=1574.776 Y=1665.550 Z=-701.050) RuntimeGrid:None EditorOnly:0 RuntimeOnly:0 HLODRelevant:1 FolderPath:Block01 FolderGuid:7D23E5AE4C2A421F86AF6986D87E6D05
 |   |   |- Guid:547A90B9466F2274C1C4C79160BB665B BaseClass: NativeClass:/Script/Engine.StaticMeshActor Name:StaticMeshActor_UAID_088FC327B42236A801_1901531091 Label:SM_Cube20 SpatiallyLoaded:1 Bounds:IsValid=true, Min=(X=1570.000 Y=1000.000 Z=-900.000), Max=(X=1820.000 Y=1225.000 Z=-700.000) RuntimeGrid:None EditorOnly:0 RuntimeOnly:0 HLODRelevant:1 FolderPath:Block01 FolderGuid:7D23E5AE4C2A421F86AF6986D87E6D05
 |   |   |- Guid:67B395A849CC2BFC08F529AFB0DF7623 BaseClass: NativeClass:/Script/Engine.StaticMeshActor Name:StaticMeshActor_UAID_088FC327B42236A801_1714451083 Label:SM_Cube14 SpatiallyLoaded:1 Bounds:IsValid=true, Min=(X=-0.224 Y=-4.450 Z=-901.050), Max=(X=224.776 Y=245.550 Z=-701.050) RuntimeGrid:None EditorOnly:0 RuntimeOnly:0 HLODRelevant:1 FolderPath:Block01 FolderGuid:7D23E5AE4C2A421F86AF6986D87E6D05
 |   |   |- Guid:8201B796495EB7B3F46B6E966435E1AA BaseClass: NativeClass:/Script/Engine.StaticMeshActor Name:StaticMeshActor_5 Label:SM_Cube2 SpatiallyLoaded:1 Bounds:IsValid=true, Min=(X=-100.000 Y=0.000 Z=-860.000), Max=(X=0.000 Y=3000.000 Z=640.000) RuntimeGrid:None EditorOnly:0 RuntimeOnly:0 HLODRelevant:1 FolderPath:Playground FolderGuid:C73F09FC4215536B1DCE2A9E0A830C70
 |   |   |- Guid:8792E1314DF27E85EEF914B830AF69B7 BaseClass: NativeClass:/Script/Engine.StaticMeshActor Name:StaticMeshActor_UAID_088FC327B42236A801_1155240074 Label:SM_Cube5 SpatiallyLoaded:1 Bounds:IsValid=true, Min=(X=7050.000 Y=0.000 Z=-5560.000), Max=(X=8050.000 Y=3075.000 Z=-910.000) RuntimeGrid:None EditorOnly:0 RuntimeOnly:0 HLODRelevant:1 FolderPath:Playground FolderGuid:C73F09FC4215536B1DCE2A9E0A830C70
 |   |   |- Guid:8C1E94DF4758CA1EDA566B87008FEDAD BaseClass: NativeClass:/Script/Engine.StaticMeshActor Name:StaticMeshActor_UAID_088FC327B42236A801_1634316080 Label:SM_Cube11 SpatiallyLoaded:1 Bounds:IsValid=true, Min=(X=-0.224 Y=1415.550 Z=-901.050), Max=(X=224.776 Y=1665.550 Z=-701.050) RuntimeGrid:None EditorOnly:0 RuntimeOnly:0 HLODRelevant:1 FolderPath:Block01 FolderGuid:7D23E5AE4C2A421F86AF6986D87E6D05
 |   |   |- Guid:931BBEB64A6875FE962BBD970FB406D4 BaseClass: NativeClass:/Script/Engine.StaticMeshActor Name:StaticMeshActor_1 Label:SM_Cube SpatiallyLoaded:1 Bounds:IsValid=true, Min=(X=0.000 Y=0.000 Z=-5860.000), Max=(X=3000.000 Y=3075.000 Z=-910.000) RuntimeGrid:None EditorOnly:0 RuntimeOnly:0 HLODRelevant:1 FolderPath:Playground FolderGuid:C73F09FC4215536B1DCE2A9E0A830C70
 |   |   |- Guid:A0410C28408E9FABDFE4CC8608F2503D BaseClass: NativeClass:/Script/NavigationSystem.RecastNavMesh Name:RecastNavMesh_UAID_088FC32E6AF54EA601-Default Label:RecastNavMesh-Default SpatiallyLoaded:0 Bounds:IsValid=true, Min=(X=0.000 Y=0.000 Z=-860.000), Max=(X=0.000 Y=0.000 Z=-860.000) RuntimeGrid:None EditorOnly:0 RuntimeOnly:0 HLODRelevant:0
 |   |   |- Guid:AC9819DB4BDF1F27B7CF20ADEB77B21D BaseClass: NativeClass:/Script/Engine.StaticMeshActor Name:StaticMeshActor_UAID_088FC327B42236A801_1901533094 Label:SM_Cube23 SpatiallyLoaded:1 Bounds:IsValid=true, Min=(X=909.776 Y=1415.550 Z=-901.050), Max=(X=1134.776 Y=1665.550 Z=-701.050) RuntimeGrid:None EditorOnly:0 RuntimeOnly:0 HLODRelevant:1 FolderPath:Block01 FolderGuid:7D23E5AE4C2A421F86AF6986D87E6D05
 |   |   |- Guid:B64CA23847590C03B905A98611D84815 BaseClass: NativeClass:/Script/Engine.PostProcessVolume Name:PostProcessVolume_0 Label:PostProcessVolume SpatiallyLoaded:0 Bounds:IsValid=true, Min=(X=-5815.000 Y=-3160.000 Z=-4065.000), Max=(X=8735.000 Y=6640.000 Z=2785.000) RuntimeGrid:None EditorOnly:0 RuntimeOnly:0 HLODRelevant:0 FolderPath:Lighting FolderGuid:963EC3EB4002CCE9759E2EBA541A873A
 |   |   |- Guid:BD7FFB0C440B8DF99087CE8B12F67945 BaseClass: NativeClass:/Script/Engine.StaticMeshActor Name:StaticMeshActor_UAID_088FC327B42236A801_1901532092 Label:SM_Cube21 SpatiallyLoaded:1 Bounds:IsValid=true, Min=(X=1570.000 Y=1220.000 Z=-900.000), Max=(X=1820.000 Y=1445.000 Z=-700.000) RuntimeGrid:None EditorOnly:0 RuntimeOnly:0 HLODRelevant:1 FolderPath:Block01 FolderGuid:7D23E5AE4C2A421F86AF6986D87E6D05
 |   |   |- Guid:C04AC82141BF866888AE0A965C32F853 BaseClass: NativeClass:/Script/Engine.PointLight Name:PointLight_UAID_088FC327B42236A801_1814861087 Label:PointLight2 SpatiallyLoaded:1 Bounds:IsValid=true, Min=(X=-690.000 Y=-210.000 Z=-1620.000), Max=(X=1310.000 Y=1790.000 Z=380.000) RuntimeGrid:None EditorOnly:0 RuntimeOnly:0 HLODRelevant:0
 |   |   |- Guid:C7BC093D45F5E3551F0D0482B6545707 BaseClass: NativeClass:/Script/Engine.StaticMeshActor Name:StaticMeshActor_UAID_088FC327B42236A801_1901534095 Label:SM_Cube24 SpatiallyLoaded:1 Bounds:IsValid=true, Min=(X=1129.776 Y=1415.550 Z=-901.050), Max=(X=1354.776 Y=1665.550 Z=-701.050) RuntimeGrid:None EditorOnly:0 RuntimeOnly:0 HLODRelevant:1 FolderPath:Block01 FolderGuid:7D23E5AE4C2A421F86AF6986D87E6D05
 |   |   |- Guid:D64A0BF9409A36D0BA348D9977196E7E BaseClass: NativeClass:/Script/Engine.StaticMeshActor Name:StaticMeshActor_UAID_088FC327B42236A801_1589307075 Label:SM_Cube6 SpatiallyLoaded:1 Bounds:IsValid=true, Min=(X=660.000 Y=220.000 Z=-900.000), Max=(X=910.000 Y=445.000 Z=-700.000) RuntimeGrid:None EditorOnly:0 RuntimeOnly:0 HLODRelevant:1 FolderPath:Block01 FolderGuid:7D23E5AE4C2A421F86AF6986D87E6D05
 |   |   |- Guid:E009495940DFAC6E2595A89A346B7DDC BaseClass: NativeClass:/Script/Engine.StaticMeshActor Name:StaticMeshActor_UAID_088FC327B42236A801_1901527088 Label:SM_Cube17 SpatiallyLoaded:1 Bounds:IsValid=true, Min=(X=1570.000 Y=0.000 Z=-900.000), Max=(X=1820.000 Y=225.000 Z=-700.000) RuntimeGrid:None EditorOnly:0 RuntimeOnly:0 HLODRelevant:1 FolderPath:Block01 FolderGuid:7D23E5AE4C2A421F86AF6986D87E6D05
 |   |   |- Guid:E242B48F48DC421948D7E6A42532ED3A BaseClass: NativeClass:/Script/Engine.StaticMeshActor Name:StaticMeshActor_UAID_088FC327B42236A801_1628357077 Label:SM_Cube8 SpatiallyLoaded:1 Bounds:IsValid=true, Min=(X=660.000 Y=1000.000 Z=-900.000), Max=(X=910.000 Y=1225.000 Z=-700.000) RuntimeGrid:None EditorOnly:0 RuntimeOnly:0 HLODRelevant:1 FolderPath:Block01 FolderGuid:7D23E5AE4C2A421F86AF6986D87E6D05
 |   |   |- Guid:E70128924389944E5C9FE4B450B080FF BaseClass:/Game/Developers/kraft/Blueprints/BP_Char1_JK.BP_Char1_JK_C NativeClass:/Script/Engine.Character Name:BP_Char1_JK_C_UAID_088FC32E6AF51AA401_1674885921 Label:BP_Char1_JK SpatiallyLoaded:1 Bounds:IsValid=true, Min=(X=295.000 Y=425.000 Z=-910.146), Max=(X=367.591 Y=495.000 Z=-680.000) RuntimeGrid:None EditorOnly:0 RuntimeOnly:0 HLODRelevant:0
 |   |   |- Guid:E8C370CA41BF1C80C86CFFB1A2B69339 BaseClass: NativeClass:/Script/Engine.StaticMeshActor Name:StaticMeshActor_8 Label:SM_Cube4 SpatiallyLoaded:1 Bounds:IsValid=true, Min=(X=660.000 Y=-0.000 Z=-900.000), Max=(X=910.000 Y=225.000 Z=-700.000) RuntimeGrid:None EditorOnly:0 RuntimeOnly:0 HLODRelevant:1 FolderPath:Block01 FolderGuid:7D23E5AE4C2A421F86AF6986D87E6D05
 |   |   |- Guid:EC3EF5D04116591462793F945DDD4D26 BaseClass: NativeClass:/Script/Engine.StaticMeshActor Name:StaticMeshActor_UAID_088FC327B42236A801_1901533093 Label:SM_Cube22 SpatiallyLoaded:1 Bounds:IsValid=true, Min=(X=1570.000 Y=1440.000 Z=-900.000), Max=(X=1820.000 Y=1665.000 Z=-700.000) RuntimeGrid:None EditorOnly:0 RuntimeOnly:0 HLODRelevant:1 FolderPath:Block01 FolderGuid:7D23E5AE4C2A421F86AF6986D87E6D05
 |   |   |- Guid:ECDEA71A44CC80E8D98499939D1232BC BaseClass: NativeClass:/Script/Engine.ExponentialHeightFog Name:ExponentialHeightFog_0 Label:ExponentialHeightFog SpatiallyLoaded:0 Bounds:IsValid=true, Min=(X=-5600.000 Y=-50.000 Z=-6850.000), Max=(X=-5600.000 Y=-50.000 Z=-6850.000) RuntimeGrid:None EditorOnly:0 RuntimeOnly:0 HLODRelevant:0 FolderPath:Lighting FolderGuid:963EC3EB4002CCE9759E2EBA541A873A
 |   |   |- Guid:ED0B778E447CA9E8199D88A58C0428E5 BaseClass: NativeClass:/Script/Engine.StaticMeshActor Name:StaticMeshActor_UAID_088FC327B42236A801_1634317081 Label:SM_Cube12 SpatiallyLoaded:1 Bounds:IsValid=true, Min=(X=219.776 Y=1415.550 Z=-901.050), Max=(X=444.776 Y=1665.550 Z=-701.050) RuntimeGrid:None EditorOnly:0 RuntimeOnly:0 HLODRelevant:1 FolderPath:Block01 FolderGuid:7D23E5AE4C2A421F86AF6986D87E6D05
 |   |   |- Guid:EDB6EA9E42B1E0D7968B0B8697A5B838 BaseClass: NativeClass:/Script/Engine.StaticMeshActor Name:StaticMeshActor_UAID_088FC327B42236A801_1901529089 Label:SM_Cube18 SpatiallyLoaded:1 Bounds:IsValid=true, Min=(X=1570.000 Y=220.000 Z=-900.000), Max=(X=1820.000 Y=445.000 Z=-700.000) RuntimeGrid:None EditorOnly:0 RuntimeOnly:0 HLODRelevant:1 FolderPath:Block01 FolderGuid:7D23E5AE4C2A421F86AF6986D87E6D05
 |   |   |- Guid:F85B916C410B1A5BAFF1EA99763FACB3 BaseClass: NativeClass:/Script/Engine.StaticMeshActor Name:StaticMeshActor_UAID_088FC327B42236A801_1714453084 Label:SM_Cube15 SpatiallyLoaded:1 Bounds:IsValid=true, Min=(X=219.776 Y=-4.450 Z=-901.050), Max=(X=444.776 Y=245.550 Z=-701.050) RuntimeGrid:None EditorOnly:0 RuntimeOnly:0 HLODRelevant:1 FolderPath:Block01 FolderGuid:7D23E5AE4C2A421F86AF6986D87E6D05
 |   |   |- Guid:FA8D4E5242E89CB49A7E37A49610AADF BaseClass: NativeClass:/Script/Engine.StaticMeshActor Name:StaticMeshActor_UAID_088FC327B42236A801_1901537099 Label:SM_Cube28 SpatiallyLoaded:1 Bounds:IsValid=true, Min=(X=1349.776 Y=-4.450 Z=-901.050), Max=(X=1574.776 Y=245.550 Z=-701.050) RuntimeGrid:None EditorOnly:0 RuntimeOnly:0 HLODRelevant:1 FolderPath:Block01 FolderGuid:7D23E5AE4C2A421F86AF6986D87E6D05
 |   |   |- Guid:FB294BF9472DA591E6A91397F039696C BaseClass: NativeClass:/Script/Engine.StaticMeshActor Name:StaticMeshActor_UAID_088FC327B42236A801_1628359078 Label:SM_Cube9 SpatiallyLoaded:1 Bounds:IsValid=true, Min=(X=660.000 Y=1220.000 Z=-900.000), Max=(X=910.000 Y=1445.000 Z=-700.000) RuntimeGrid:None EditorOnly:0 RuntimeOnly:0 HLODRelevant:1 FolderPath:Block01 FolderGuid:7D23E5AE4C2A421F86AF6986D87E6D05
 |   |- [+] Clusters:
 |   |   |- [+] [  0]
 |   |   |   |- Guid:19F2023D433B1F0E5E0BA9B416222504 BaseClass: NativeClass:/Script/Engine.WorldDataLayers Name:WorldDataLayers Label:WorldDataLayers SpatiallyLoaded:0 Bounds:IsValid=true, Min=(X=0.000 Y=0.000 Z=0.000), Max=(X=0.000 Y=0.000 Z=0.000) RuntimeGrid:None EditorOnly:0 RuntimeOnly:0 HLODRelevant:0
 |   |   |- [+] [  1]
 |   |   |   |- Guid:1EF65207479F5C5E4F19F98D3A23E068 BaseClass: NativeClass:/Script/Engine.StaticMeshActor Name:StaticMeshActor_UAID_088FC327B42236A801_1901536097 Label:SM_Cube26 SpatiallyLoaded:1 Bounds:IsValid=true, Min=(X=909.776 Y=-4.450 Z=-901.050), Max=(X=1134.776 Y=245.550 Z=-701.050) RuntimeGrid:None EditorOnly:0 RuntimeOnly:0 HLODRelevant:1 FolderPath:Block01 FolderGuid:7D23E5AE4C2A421F86AF6986D87E6D05
 |   |   |- [+] [  2]
 |   |   |   |- Guid:544B7AA24700BDF8722E0995C05688BC BaseClass: NativeClass:/Script/Engine.StaticMeshActor Name:StaticMeshActor_UAID_088FC327B42236A801_1901535096 Label:SM_Cube25 SpatiallyLoaded:1 Bounds:IsValid=true, Min=(X=1349.776 Y=1415.550 Z=-901.050), Max=(X=1574.776 Y=1665.550 Z=-701.050) RuntimeGrid:None EditorOnly:0 RuntimeOnly:0 HLODRelevant:1 FolderPath:Block01 FolderGuid:7D23E5AE4C2A421F86AF6986D87E6D05
 |   |   |- [+] [  3]
 |   |   |   |- Guid:931BBEB64A6875FE962BBD970FB406D4 BaseClass: NativeClass:/Script/Engine.StaticMeshActor Name:StaticMeshActor_1 Label:SM_Cube SpatiallyLoaded:1 Bounds:IsValid=true, Min=(X=0.000 Y=0.000 Z=-5860.000), Max=(X=3000.000 Y=3075.000 Z=-910.000) RuntimeGrid:None EditorOnly:0 RuntimeOnly:0 HLODRelevant:1 FolderPath:Playground FolderGuid:C73F09FC4215536B1DCE2A9E0A830C70
 |   |   |- [+] [  4]
 |   |   |   |- Guid:27E80D4D4E5529E5AFBA7584FCEE0F04 BaseClass: NativeClass:/Script/Engine.PlayerStart Name:PlayerStart_0 Label:PlayerStart SpatiallyLoaded:0 Bounds:IsValid=true, Min=(X=860.000 Y=1070.000 Z=-859.987), Max=(X=940.000 Y=1150.000 Z=-675.987) RuntimeGrid:None EditorOnly:0 RuntimeOnly:0 HLODRelevant:0
 |   |   |- [+] [  5]
 |   |   |   |- Guid:C7BC093D45F5E3551F0D0482B6545707 BaseClass: NativeClass:/Script/Engine.StaticMeshActor Name:StaticMeshActor_UAID_088FC327B42236A801_1901534095 Label:SM_Cube24 SpatiallyLoaded:1 Bounds:IsValid=true, Min=(X=1129.776 Y=1415.550 Z=-901.050), Max=(X=1354.776 Y=1665.550 Z=-701.050) RuntimeGrid:None EditorOnly:0 RuntimeOnly:0 HLODRelevant:1 FolderPath:Block01 FolderGuid:7D23E5AE4C2A421F86AF6986D87E6D05
 |   |   |- [+] [  6]
 |   |   |   |- Guid:AC9819DB4BDF1F27B7CF20ADEB77B21D BaseClass: NativeClass:/Script/Engine.StaticMeshActor Name:StaticMeshActor_UAID_088FC327B42236A801_1901533094 Label:SM_Cube23 SpatiallyLoaded:1 Bounds:IsValid=true, Min=(X=909.776 Y=1415.550 Z=-901.050), Max=(X=1134.776 Y=1665.550 Z=-701.050) RuntimeGrid:None EditorOnly:0 RuntimeOnly:0 HLODRelevant:1 FolderPath:Block01 FolderGuid:7D23E5AE4C2A421F86AF6986D87E6D05
 |   |   |- [+] [  7]
 |   |   |   |- Guid:EC3EF5D04116591462793F945DDD4D26 BaseClass: NativeClass:/Script/Engine.StaticMeshActor Name:StaticMeshActor_UAID_088FC327B42236A801_1901533093 Label:SM_Cube22 SpatiallyLoaded:1 Bounds:IsValid=true, Min=(X=1570.000 Y=1440.000 Z=-900.000), Max=(X=1820.000 Y=1665.000 Z=-700.000) RuntimeGrid:None EditorOnly:0 RuntimeOnly:0 HLODRelevant:1 FolderPath:Block01 FolderGuid:7D23E5AE4C2A421F86AF6986D87E6D05
 |   |   |- [+] [  8]
 |   |   |   |- Guid:BD7FFB0C440B8DF99087CE8B12F67945 BaseClass: NativeClass:/Script/Engine.StaticMeshActor Name:StaticMeshActor_UAID_088FC327B42236A801_1901532092 Label:SM_Cube21 SpatiallyLoaded:1 Bounds:IsValid=true, Min=(X=1570.000 Y=1220.000 Z=-900.000), Max=(X=1820.000 Y=1445.000 Z=-700.000) RuntimeGrid:None EditorOnly:0 RuntimeOnly:0 HLODRelevant:1 FolderPath:Block01 FolderGuid:7D23E5AE4C2A421F86AF6986D87E6D05
 |   |   |- [+] [  9]
 |   |   |   |- Guid:A0410C28408E9FABDFE4CC8608F2503D BaseClass: NativeClass:/Script/NavigationSystem.RecastNavMesh Name:RecastNavMesh_UAID_088FC32E6AF54EA601-Default Label:RecastNavMesh-Default SpatiallyLoaded:0 Bounds:IsValid=true, Min=(X=0.000 Y=0.000 Z=-860.000), Max=(X=0.000 Y=0.000 Z=-860.000) RuntimeGrid:None EditorOnly:0 RuntimeOnly:0 HLODRelevant:0
 |   |   |- [+] [ 10]
 |   |   |   |- Guid:547A90B9466F2274C1C4C79160BB665B BaseClass: NativeClass:/Script/Engine.StaticMeshActor Name:StaticMeshActor_UAID_088FC327B42236A801_1901531091 Label:SM_Cube20 SpatiallyLoaded:1 Bounds:IsValid=true, Min=(X=1570.000 Y=1000.000 Z=-900.000), Max=(X=1820.000 Y=1225.000 Z=-700.000) RuntimeGrid:None EditorOnly:0 RuntimeOnly:0 HLODRelevant:1 FolderPath:Block01 FolderGuid:7D23E5AE4C2A421F86AF6986D87E6D05
 |   |   |- [+] [ 11]
 |   |   |   |- Guid:B64CA23847590C03B905A98611D84815 BaseClass: NativeClass:/Script/Engine.PostProcessVolume Name:PostProcessVolume_0 Label:PostProcessVolume SpatiallyLoaded:0 Bounds:IsValid=true, Min=(X=-5815.000 Y=-3160.000 Z=-4065.000), Max=(X=8735.000 Y=6640.000 Z=2785.000) RuntimeGrid:None EditorOnly:0 RuntimeOnly:0 HLODRelevant:0 FolderPath:Lighting FolderGuid:963EC3EB4002CCE9759E2EBA541A873A
 |   |   |- [+] [ 12]
 |   |   |   |- Guid:FA8D4E5242E89CB49A7E37A49610AADF BaseClass: NativeClass:/Script/Engine.StaticMeshActor Name:StaticMeshActor_UAID_088FC327B42236A801_1901537099 Label:SM_Cube28 SpatiallyLoaded:1 Bounds:IsValid=true, Min=(X=1349.776 Y=-4.450 Z=-901.050), Max=(X=1574.776 Y=245.550 Z=-701.050) RuntimeGrid:None EditorOnly:0 RuntimeOnly:0 HLODRelevant:1 FolderPath:Block01 FolderGuid:7D23E5AE4C2A421F86AF6986D87E6D05
 |   |   |- [+] [ 13]
 |   |   |   |- Guid:1E34514F4224C39B33BD2CB9E40A9574 BaseClass: NativeClass:/Script/Engine.StaticMeshActor Name:StaticMeshActor_UAID_088FC327B42236A801_1901530090 Label:SM_Cube19 SpatiallyLoaded:1 Bounds:IsValid=true, Min=(X=1570.000 Y=440.000 Z=-900.000), Max=(X=1820.000 Y=665.000 Z=-700.000) RuntimeGrid:None EditorOnly:0 RuntimeOnly:0 HLODRelevant:1 FolderPath:Block01 FolderGuid:7D23E5AE4C2A421F86AF6986D87E6D05
 |   |   |- [+] [ 14]
 |   |   |   |- Guid:243630AB47E72A2623299899BA957A47 BaseClass: NativeClass:/Script/Engine.StaticMeshActor Name:StaticMeshActor_UAID_088FC327B42236A801_1901536098 Label:SM_Cube27 SpatiallyLoaded:1 Bounds:IsValid=true, Min=(X=1129.776 Y=-4.450 Z=-901.050), Max=(X=1354.776 Y=245.550 Z=-701.050) RuntimeGrid:None EditorOnly:0 RuntimeOnly:0 HLODRelevant:1 FolderPath:Block01 FolderGuid:7D23E5AE4C2A421F86AF6986D87E6D05
 |   |   |- [+] [ 15]
 |   |   |   |- Guid:4BA57AC5487B2B5FEBC964A2E7F5A1D0 BaseClass:/Game/Developers/kraft/Blueprints/BP_ButtonBase.BP_ButtonBase_C NativeClass:/Script/Engine.Actor Name:BP_ButtonBase_C_UAID_088FC32E6AF5A9A701_1713712255 Label:BP_ButtonBase SpatiallyLoaded:1 Bounds:IsValid=true, Min=(X=588.000 Y=958.000 Z=-812.000), Max=(X=652.000 Y=1022.000 Z=-748.000) RuntimeGrid:None EditorOnly:0 RuntimeOnly:0 HLODRelevant:0
 |   |   |- [+] [ 16]
 |   |   |   |- Guid:ECDEA71A44CC80E8D98499939D1232BC BaseClass: NativeClass:/Script/Engine.ExponentialHeightFog Name:ExponentialHeightFog_0 Label:ExponentialHeightFog SpatiallyLoaded:0 Bounds:IsValid=true, Min=(X=-5600.000 Y=-50.000 Z=-6850.000), Max=(X=-5600.000 Y=-50.000 Z=-6850.000) RuntimeGrid:None EditorOnly:0 RuntimeOnly:0 HLODRelevant:0 FolderPath:Lighting FolderGuid:963EC3EB4002CCE9759E2EBA541A873A
 |   |   |- [+] [ 17]
 |   |   |   |- Guid:EDB6EA9E42B1E0D7968B0B8697A5B838 BaseClass: NativeClass:/Script/Engine.StaticMeshActor Name:StaticMeshActor_UAID_088FC327B42236A801_1901529089 Label:SM_Cube18 SpatiallyLoaded:1 Bounds:IsValid=true, Min=(X=1570.000 Y=220.000 Z=-900.000), Max=(X=1820.000 Y=445.000 Z=-700.000) RuntimeGrid:None EditorOnly:0 RuntimeOnly:0 HLODRelevant:1 FolderPath:Block01 FolderGuid:7D23E5AE4C2A421F86AF6986D87E6D05
 |   |   |- [+] [ 18]
 |   |   |   |- Guid:8201B796495EB7B3F46B6E966435E1AA BaseClass: NativeClass:/Script/Engine.StaticMeshActor Name:StaticMeshActor_5 Label:SM_Cube2 SpatiallyLoaded:1 Bounds:IsValid=true, Min=(X=-100.000 Y=0.000 Z=-860.000), Max=(X=0.000 Y=3000.000 Z=640.000) RuntimeGrid:None EditorOnly:0 RuntimeOnly:0 HLODRelevant:1 FolderPath:Playground FolderGuid:C73F09FC4215536B1DCE2A9E0A830C70
 |   |   |- [+] [ 19]
 |   |   |   |- Guid:E009495940DFAC6E2595A89A346B7DDC BaseClass: NativeClass:/Script/Engine.StaticMeshActor Name:StaticMeshActor_UAID_088FC327B42236A801_1901527088 Label:SM_Cube17 SpatiallyLoaded:1 Bounds:IsValid=true, Min=(X=1570.000 Y=0.000 Z=-900.000), Max=(X=1820.000 Y=225.000 Z=-700.000) RuntimeGrid:None EditorOnly:0 RuntimeOnly:0 HLODRelevant:1 FolderPath:Block01 FolderGuid:7D23E5AE4C2A421F86AF6986D87E6D05
 |   |   |- [+] [ 20]
 |   |   |   |- Guid:C04AC82141BF866888AE0A965C32F853 BaseClass: NativeClass:/Script/Engine.PointLight Name:PointLight_UAID_088FC327B42236A801_1814861087 Label:PointLight2 SpatiallyLoaded:1 Bounds:IsValid=true, Min=(X=-690.000 Y=-210.000 Z=-1620.000), Max=(X=1310.000 Y=1790.000 Z=380.000) RuntimeGrid:None EditorOnly:0 RuntimeOnly:0 HLODRelevant:0
 |   |   |- [+] [ 21]
 |   |   |   |- Guid:8792E1314DF27E85EEF914B830AF69B7 BaseClass: NativeClass:/Script/Engine.StaticMeshActor Name:StaticMeshActor_UAID_088FC327B42236A801_1155240074 Label:SM_Cube5 SpatiallyLoaded:1 Bounds:IsValid=true, Min=(X=7050.000 Y=0.000 Z=-5560.000), Max=(X=8050.000 Y=3075.000 Z=-910.000) RuntimeGrid:None EditorOnly:0 RuntimeOnly:0 HLODRelevant:1 FolderPath:Playground FolderGuid:C73F09FC4215536B1DCE2A9E0A830C70
 |   |   |- [+] [ 22]
 |   |   |   |- Guid:E8C370CA41BF1C80C86CFFB1A2B69339 BaseClass: NativeClass:/Script/Engine.StaticMeshActor Name:StaticMeshActor_8 Label:SM_Cube4 SpatiallyLoaded:1 Bounds:IsValid=true, Min=(X=660.000 Y=-0.000 Z=-900.000), Max=(X=910.000 Y=225.000 Z=-700.000) RuntimeGrid:None EditorOnly:0 RuntimeOnly:0 HLODRelevant:1 FolderPath:Block01 FolderGuid:7D23E5AE4C2A421F86AF6986D87E6D05
 |   |   |- [+] [ 23]
 |   |   |   |- Guid:435E275C4BEED21508385A8E0E858564 BaseClass: NativeClass:/Script/Engine.PointLight Name:PointLight_UAID_088FC327B42236A801_1738251086 Label:PointLight SpatiallyLoaded:1 Bounds:IsValid=true, Min=(X=-1150.000 Y=-230.000 Z=-1680.000), Max=(X=850.000 Y=1770.000 Z=320.000) RuntimeGrid:None EditorOnly:0 RuntimeOnly:0 HLODRelevant:0
 |   |   |- [+] [ 24]
 |   |   |   |- Guid:03853C96438A1092BED17789AB26CD94 BaseClass: NativeClass:/Script/Engine.TextRenderActor Name:TextRenderActor_1 Label:TextRenderActor SpatiallyLoaded:1 Bounds:IsValid=true, Min=(X=-0.100 Y=1100.000 Z=-794.987), Max=(X=-0.100 Y=2392.308 Z=-644.987) RuntimeGrid:None EditorOnly:0 RuntimeOnly:0 HLODRelevant:0
 |   |   |- [+] [ 25]
 |   |   |   |- Guid:40E9DA6443E6B573DE418BB6022053A7 BaseClass: NativeClass:/Script/Engine.StaticMeshActor Name:StaticMeshActor_UAID_088FC327B42236A801_1714454085 Label:SM_Cube16 SpatiallyLoaded:1 Bounds:IsValid=true, Min=(X=439.776 Y=-4.450 Z=-901.050), Max=(X=664.776 Y=245.550 Z=-701.050) RuntimeGrid:None EditorOnly:0 RuntimeOnly:0 HLODRelevant:1 FolderPath:Block01 FolderGuid:7D23E5AE4C2A421F86AF6986D87E6D05
 |   |   |- [+] [ 26]
 |   |   |   |- Guid:E70128924389944E5C9FE4B450B080FF BaseClass:/Game/Developers/kraft/Blueprints/BP_Char1_JK.BP_Char1_JK_C NativeClass:/Script/Engine.Character Name:BP_Char1_JK_C_UAID_088FC32E6AF51AA401_1674885921 Label:BP_Char1_JK SpatiallyLoaded:1 Bounds:IsValid=true, Min=(X=295.000 Y=425.000 Z=-910.146), Max=(X=367.591 Y=495.000 Z=-680.000) RuntimeGrid:None EditorOnly:0 RuntimeOnly:0 HLODRelevant:0
 |   |   |- [+] [ 27]
 |   |   |   |- Guid:F85B916C410B1A5BAFF1EA99763FACB3 BaseClass: NativeClass:/Script/Engine.StaticMeshActor Name:StaticMeshActor_UAID_088FC327B42236A801_1714453084 Label:SM_Cube15 SpatiallyLoaded:1 Bounds:IsValid=true, Min=(X=219.776 Y=-4.450 Z=-901.050), Max=(X=444.776 Y=245.550 Z=-701.050) RuntimeGrid:None EditorOnly:0 RuntimeOnly:0 HLODRelevant:1 FolderPath:Block01 FolderGuid:7D23E5AE4C2A421F86AF6986D87E6D05
 |   |   |- [+] [ 28]
 |   |   |   |- Guid:67B395A849CC2BFC08F529AFB0DF7623 BaseClass: NativeClass:/Script/Engine.StaticMeshActor Name:StaticMeshActor_UAID_088FC327B42236A801_1714451083 Label:SM_Cube14 SpatiallyLoaded:1 Bounds:IsValid=true, Min=(X=-0.224 Y=-4.450 Z=-901.050), Max=(X=224.776 Y=245.550 Z=-701.050) RuntimeGrid:None EditorOnly:0 RuntimeOnly:0 HLODRelevant:1 FolderPath:Block01 FolderGuid:7D23E5AE4C2A421F86AF6986D87E6D05
 |   |   |- [+] [ 29]
 |   |   |   |- Guid:17BC9FBD45AF0E532F7D7BA7B7D75272 BaseClass: NativeClass:/Script/Engine.StaticMeshActor Name:StaticMeshActor_UAID_088FC327B42236A801_1634318082 Label:SM_Cube13 SpatiallyLoaded:1 Bounds:IsValid=true, Min=(X=439.776 Y=1415.550 Z=-901.050), Max=(X=664.776 Y=1665.550 Z=-701.050) RuntimeGrid:None EditorOnly:0 RuntimeOnly:0 HLODRelevant:1 FolderPath:Block01 FolderGuid:7D23E5AE4C2A421F86AF6986D87E6D05
 |   |   |- [+] [ 30]
 |   |   |   |- Guid:ED0B778E447CA9E8199D88A58C0428E5 BaseClass: NativeClass:/Script/Engine.StaticMeshActor Name:StaticMeshActor_UAID_088FC327B42236A801_1634317081 Label:SM_Cube12 SpatiallyLoaded:1 Bounds:IsValid=true, Min=(X=219.776 Y=1415.550 Z=-901.050), Max=(X=444.776 Y=1665.550 Z=-701.050) RuntimeGrid:None EditorOnly:0 RuntimeOnly:0 HLODRelevant:1 FolderPath:Block01 FolderGuid:7D23E5AE4C2A421F86AF6986D87E6D05
 |   |   |- [+] [ 31]
 |   |   |   |- Guid:8C1E94DF4758CA1EDA566B87008FEDAD BaseClass: NativeClass:/Script/Engine.StaticMeshActor Name:StaticMeshActor_UAID_088FC327B42236A801_1634316080 Label:SM_Cube11 SpatiallyLoaded:1 Bounds:IsValid=true, Min=(X=-0.224 Y=1415.550 Z=-901.050), Max=(X=224.776 Y=1665.550 Z=-701.050) RuntimeGrid:None EditorOnly:0 RuntimeOnly:0 HLODRelevant:1 FolderPath:Block01 FolderGuid:7D23E5AE4C2A421F86AF6986D87E6D05
 |   |   |- [+] [ 32]
 |   |   |   |- Guid:171699BA40F4E0FDF3D2929B62180DE0 BaseClass: NativeClass:/Script/Engine.SkyLight Name:SkyLight_1 Label:SkyLight SpatiallyLoaded:0 Bounds:IsValid=true, Min=(X=0.000 Y=0.000 Z=-170.000), Max=(X=0.000 Y=0.000 Z=-170.000) RuntimeGrid:None EditorOnly:0 RuntimeOnly:0 HLODRelevant:0 FolderPath:Lighting FolderGuid:963EC3EB4002CCE9759E2EBA541A873A
 |   |   |- [+] [ 33]
 |   |   |   |- Guid:1C6343A3446E89C4BCCA4D9EA3D86CB1 BaseClass: NativeClass:/Script/Engine.StaticMeshActor Name:StaticMeshActor_UAID_088FC327B42236A801_1628360079 Label:SM_Cube10 SpatiallyLoaded:1 Bounds:IsValid=true, Min=(X=660.000 Y=1440.000 Z=-900.000), Max=(X=910.000 Y=1665.000 Z=-700.000) RuntimeGrid:None EditorOnly:0 RuntimeOnly:0 HLODRelevant:1 FolderPath:Block01 FolderGuid:7D23E5AE4C2A421F86AF6986D87E6D05
 |   |   |- [+] [ 34]
 |   |   |   |- Guid:03D1A5194330A91C8B30788752F33885 BaseClass: NativeClass:/Script/NavigationSystem.NavMeshBoundsVolume Name:NavMeshBoundsVolume_UAID_088FC32E6AF54EA601_1613275183 Label:NavMeshBoundsVolume SpatiallyLoaded:0 Bounds:IsValid=true, Min=(X=-6390.000 Y=-2110.000 Z=-3205.000), Max=(X=9310.000 Y=5590.000 Z=1945.000) RuntimeGrid:None EditorOnly:0 RuntimeOnly:0 HLODRelevant:0
 |   |   |- [+] [ 35]
 |   |   |   |- Guid:16551366454962231269A58E62F1EDB0 BaseClass:/Game/Developers/kraft/Blueprints/BP_Char2_JK1.BP_Char2_JK1_C NativeClass:/Script/Engine.Character Name:BP_Char2_JK1_C_UAID_088FC32E6AF51BA401_1375255099 Label:BP_Char2_JK1 SpatiallyLoaded:1 Bounds:IsValid=true, Min=(X=267.207 Y=897.131 Z=-845.476), Max=(X=313.158 Y=942.491 Z=-755.000) RuntimeGrid:None EditorOnly:0 RuntimeOnly:0 HLODRelevant:0
 |   |   |- [+] [ 36]
 |   |   |   |- Guid:FB294BF9472DA591E6A91397F039696C BaseClass: NativeClass:/Script/Engine.StaticMeshActor Name:StaticMeshActor_UAID_088FC327B42236A801_1628359078 Label:SM_Cube9 SpatiallyLoaded:1 Bounds:IsValid=true, Min=(X=660.000 Y=1220.000 Z=-900.000), Max=(X=910.000 Y=1445.000 Z=-700.000) RuntimeGrid:None EditorOnly:0 RuntimeOnly:0 HLODRelevant:1 FolderPath:Block01 FolderGuid:7D23E5AE4C2A421F86AF6986D87E6D05
 |   |   |- [+] [ 37]
 |   |   |   |- Guid:E242B48F48DC421948D7E6A42532ED3A BaseClass: NativeClass:/Script/Engine.StaticMeshActor Name:StaticMeshActor_UAID_088FC327B42236A801_1628357077 Label:SM_Cube8 SpatiallyLoaded:1 Bounds:IsValid=true, Min=(X=660.000 Y=1000.000 Z=-900.000), Max=(X=910.000 Y=1225.000 Z=-700.000) RuntimeGrid:None EditorOnly:0 RuntimeOnly:0 HLODRelevant:1 FolderPath:Block01 FolderGuid:7D23E5AE4C2A421F86AF6986D87E6D05
 |   |   |- [+] [ 38]
 |   |   |   |- Guid:33BF77B643CDB9E8451C5298A014E118 BaseClass: NativeClass:/Script/Engine.StaticMeshActor Name:StaticMeshActor_UAID_088FC327B42236A801_1591622076 Label:SM_Cube7 SpatiallyLoaded:1 Bounds:IsValid=true, Min=(X=660.000 Y=440.000 Z=-900.000), Max=(X=910.000 Y=665.000 Z=-700.000) RuntimeGrid:None EditorOnly:0 RuntimeOnly:0 HLODRelevant:1 FolderPath:Block01 FolderGuid:7D23E5AE4C2A421F86AF6986D87E6D05
 |   |   |- [+] [ 39]
 |   |   |   |- Guid:0FF81C0F41C18C3493A0B499AA61058E BaseClass: NativeClass:/Script/Engine.StaticMeshActor Name:StaticMeshActor_UAID_088FC327B42236A801_1141128073 Label:SM_Cube3 SpatiallyLoaded:1 Bounds:IsValid=true, Min=(X=7970.000 Y=0.000 Z=-860.000), Max=(X=8070.000 Y=3000.000 Z=640.000) RuntimeGrid:None EditorOnly:0 RuntimeOnly:0 HLODRelevant:1 FolderPath:Playground FolderGuid:C73F09FC4215536B1DCE2A9E0A830C70
 |   |   |- [+] [ 40]
 |   |   |   |- Guid:3851110B4108028F08EC1CAA6E4EA9D7 BaseClass: NativeClass:/Script/Engine.DirectionalLight Name:DirectionalLight_0 Label:DirectionalLight SpatiallyLoaded:0 Bounds:IsValid=true, Min=(X=-4398046511104.000 Y=-4398046511104.000 Z=-4398046511104.000), Max=(X=4398046511104.000 Y=4398046511104.000 Z=4398046511104.000) RuntimeGrid:None EditorOnly:0 RuntimeOnly:0 HLODRelevant:0 FolderPath:Lighting FolderGuid:963EC3EB4002CCE9759E2EBA541A873A
 |   |   |- [+] [ 41]
 |   |   |   |- Guid:D64A0BF9409A36D0BA348D9977196E7E BaseClass: NativeClass:/Script/Engine.StaticMeshActor Name:StaticMeshActor_UAID_088FC327B42236A801_1589307075 Label:SM_Cube6 SpatiallyLoaded:1 Bounds:IsValid=true, Min=(X=660.000 Y=220.000 Z=-900.000), Max=(X=910.000 Y=445.000 Z=-700.000) RuntimeGrid:None EditorOnly:0 RuntimeOnly:0 HLODRelevant:1 FolderPath:Block01 FolderGuid:7D23E5AE4C2A421F86AF6986D87E6D05
 |- ContainerInstances:
 |- [+] MainContainer:
 |   |-        ID: 0x0000000000000000
 |   |-    Bounds: IsValid=false, Min=(X=0.000 Y=0.000 Z=0.000), Max=(X=0.000 Y=0.000 Z=0.000)
 |   |- Transform: 0.000000,0.000000,0.000000|0.000000,0.000000,-0.000000|1.000000,1.000000,1.000000
 |   |- Container: /Game/ThirdPerson/Maps/TempleIntWorkMaybe
----------------------------------------------------------------------------------------------------------------
TempleIntWorkMaybe - Persistent Level
----------------------------------------------------------------------------------------------------------------
Always loaded Actor Count: 49 

----------------------------------------------------------------------------------------------------------------
TempleIntWorkMaybe - Runtime Spatial Hash - Streaming Grid - MainGrid
----------------------------------------------------------------------------------------------------------------
            Origin: X=0.000 Y=0.000 Z=0.000
         Cell Size: 12800
      World Bounds: IsValid=false, Min=(X=0.000 Y=0.000 Z=0.000), Max=(X=0.000 Y=0.000 Z=0.000)
     Loading Range: 25600.00
Block Slow Loading: No
 ClientOnlyVisible: No

[+] Grid Levels: 1
 |- Level  0: Cell Count    0 | Cell Size   12800 | Actor Count    0 (0.0%)

[+] Content of Grid Level 0

