[+] Containers:
 |- [+] Container: /Game/ThirdPerson/Maps/TempleIntWorkMaybe
 |   |- [+] ActorDescs:
 |   |   |- Guid:03853C96438A1092BED17789AB26CD94 BaseClass: NativeClass:/Script/Engine.TextRenderActor Name:TextRenderActor_1 Label:TextRenderActor SpatiallyLoaded:1 Bounds:IsValid=true, Min=(X=-0.100 Y=1100.000 Z=-794.987), Max=(X=-0.100 Y=2392.308 Z=-644.987) RuntimeGrid:None EditorOnly:0 RuntimeOnly:0 HLODRelevant:0
 |   |   |- Guid:03D1A5194330A91C8B30788752F33885 BaseClass: NativeClass:/Script/NavigationSystem.NavMeshBoundsVolume Name:NavMeshBoundsVolume_UAID_088FC32E6AF54EA601_1613275183 Label:NavMeshBoundsVolume SpatiallyLoaded:0 Bounds:IsValid=true, Min=(X=-6390.000 Y=-2110.000 Z=-3205.000), Max=(X=9310.000 Y=5590.000 Z=1945.000) RuntimeGrid:None EditorOnly:0 RuntimeOnly:0 HLODRelevant:0
 |   |   |- Guid:0FF81C0F41C18C3493A0B499AA61058E BaseClass: NativeClass:/Script/Engine.StaticMeshActor Name:StaticMeshActor_UAID_088FC327B42236A801_1141128073 Label:SM_Cube3 SpatiallyLoaded:1 Bounds:IsValid=true, Min=(X=7970.000 Y=0.000 Z=-860.000), Max=(X=8070.000 Y=3000.000 Z=640.000) RuntimeGrid:None EditorOnly:0 RuntimeOnly:0 HLODRelevant:1 FolderPath:Playground FolderGuid:C73F09FC4215536B1DCE2A9E0A830C70
 |   |   |- Guid:16551366454962231269A58E62F1EDB0 BaseClass:/Game/Developers/kraft/Blueprints/BP_Char2_JK1.BP_Char2_JK1_C NativeClass:/Script/Engine.Character Name:BP_Char2_JK1_C_UAID_088FC32E6AF51BA401_1375255099 Label:BP_Char2_JK1 SpatiallyLoaded:1 Bounds:IsValid=true, Min=(X=567.207 Y=897.131 Z=-845.476), Max=(X=613.158 Y=942.491 Z=-755.000) RuntimeGrid:None EditorOnly:0 RuntimeOnly:0 HLODRelevant:0
 |   |   |- Guid:171699BA40F4E0FDF3D2929B62180DE0 BaseClass: NativeClass:/Script/Engine.SkyLight Name:SkyLight_1 Label:SkyLight SpatiallyLoaded:0 Bounds:IsValid=true, Min=(X=0.000 Y=0.000 Z=-170.000), Max=(X=0.000 Y=0.000 Z=-170.000) RuntimeGrid:None EditorOnly:0 RuntimeOnly:0 HLODRelevant:0 FolderPath:Lighting FolderGuid:963EC3EB4002CCE9759E2EBA541A873A
 |   |   |- Guid:19F2023D433B1F0E5E0BA9B416222504 BaseClass: NativeClass:/Script/Engine.WorldDataLayers Name:WorldDataLayers Label:WorldDataLayers SpatiallyLoaded:0 Bounds:IsValid=true, Min=(X=0.000 Y=0.000 Z=0.000), Max=(X=0.000 Y=0.000 Z=0.000) RuntimeGrid:None EditorOnly:0 RuntimeOnly:0 HLODRelevant:0
 |   |   |- Guid:27E80D4D4E5529E5AFBA7584FCEE0F04 BaseClass: NativeClass:/Script/Engine.PlayerStart Name:PlayerStart_0 Label:PlayerStart SpatiallyLoaded:0 Bounds:IsValid=true, Min=(X=860.000 Y=1070.000 Z=-859.987), Max=(X=940.000 Y=1150.000 Z=-675.987) RuntimeGrid:None EditorOnly:0 RuntimeOnly:0 HLODRelevant:0
 |   |   |- Guid:33BF77B643CDB9E8451C5298A014E118 BaseClass: NativeClass:/Script/Engine.StaticMeshActor Name:StaticMeshActor_UAID_088FC327B42236A801_1591622076 Label:SM_Cube7 SpatiallyLoaded:1 Bounds:IsValid=true, Min=(X=860.000 Y=440.000 Z=-900.000), Max=(X=1110.000 Y=665.000 Z=-700.000) RuntimeGrid:None EditorOnly:0 RuntimeOnly:0 HLODRelevant:1 FolderPath:Block01 FolderGuid:7D23E5AE4C2A421F86AF6986D87E6D05
 |   |   |- Guid:3851110B4108028F08EC1CAA6E4EA9D7 BaseClass: NativeClass:/Script/Engine.DirectionalLight Name:DirectionalLight_0 Label:DirectionalLight SpatiallyLoaded:0 Bounds:IsValid=true, Min=(X=-4398046511104.000 Y=-4398046511104.000 Z=-4398046511104.000), Max=(X=4398046511104.000 Y=4398046511104.000 Z=4398046511104.000) RuntimeGrid:None EditorOnly:0 RuntimeOnly:0 HLODRelevant:0 FolderPath:Lighting FolderGuid:963EC3EB4002CCE9759E2EBA541A873A
 |   |   |- Guid:4BA57AC5487B2B5FEBC964A2E7F5A1D0 BaseClass:/Game/Developers/kraft/Blueprints/BP_ButtonBase.BP_ButtonBase_C NativeClass:/Script/Engine.Actor Name:BP_ButtonBase_C_UAID_088FC32E6AF5A9A701_1713712255 Label:BP_ButtonBase SpatiallyLoaded:1 Bounds:IsValid=true, Min=(X=1248.000 Y=958.000 Z=-812.000), Max=(X=1312.000 Y=1022.000 Z=-748.000) RuntimeGrid:None EditorOnly:0 RuntimeOnly:0 HLODRelevant:0
 |   |   |- Guid:8201B796495EB7B3F46B6E966435E1AA BaseClass: NativeClass:/Script/Engine.StaticMeshActor Name:StaticMeshActor_5 Label:SM_Cube2 SpatiallyLoaded:1 Bounds:IsValid=true, Min=(X=-100.000 Y=0.000 Z=-860.000), Max=(X=0.000 Y=3000.000 Z=640.000) RuntimeGrid:None EditorOnly:0 RuntimeOnly:0 HLODRelevant:1 FolderPath:Playground FolderGuid:C73F09FC4215536B1DCE2A9E0A830C70
 |   |   |- Guid:8792E1314DF27E85EEF914B830AF69B7 BaseClass: NativeClass:/Script/Engine.StaticMeshActor Name:StaticMeshActor_UAID_088FC327B42236A801_1155240074 Label:SM_Cube5 SpatiallyLoaded:1 Bounds:IsValid=true, Min=(X=7050.000 Y=0.000 Z=-5560.000), Max=(X=8050.000 Y=3075.000 Z=-910.000) RuntimeGrid:None EditorOnly:0 RuntimeOnly:0 HLODRelevant:1 FolderPath:Playground FolderGuid:C73F09FC4215536B1DCE2A9E0A830C70
 |   |   |- Guid:931BBEB64A6875FE962BBD970FB406D4 BaseClass: NativeClass:/Script/Engine.StaticMeshActor Name:StaticMeshActor_1 Label:SM_Cube SpatiallyLoaded:1 Bounds:IsValid=true, Min=(X=0.000 Y=0.000 Z=-5860.000), Max=(X=3000.000 Y=3075.000 Z=-910.000) RuntimeGrid:None EditorOnly:0 RuntimeOnly:0 HLODRelevant:1 FolderPath:Playground FolderGuid:C73F09FC4215536B1DCE2A9E0A830C70
 |   |   |- Guid:A0410C28408E9FABDFE4CC8608F2503D BaseClass: NativeClass:/Script/NavigationSystem.RecastNavMesh Name:RecastNavMesh_UAID_088FC32E6AF54EA601-Default Label:RecastNavMesh-Default SpatiallyLoaded:0 Bounds:IsValid=true, Min=(X=0.000 Y=0.000 Z=-860.000), Max=(X=0.000 Y=0.000 Z=-860.000) RuntimeGrid:None EditorOnly:0 RuntimeOnly:0 HLODRelevant:0
 |   |   |- Guid:B64CA23847590C03B905A98611D84815 BaseClass: NativeClass:/Script/Engine.PostProcessVolume Name:PostProcessVolume_0 Label:PostProcessVolume SpatiallyLoaded:0 Bounds:IsValid=true, Min=(X=-5815.000 Y=-3160.000 Z=-4065.000), Max=(X=8735.000 Y=6640.000 Z=2785.000) RuntimeGrid:None EditorOnly:0 RuntimeOnly:0 HLODRelevant:0 FolderPath:Lighting FolderGuid:963EC3EB4002CCE9759E2EBA541A873A
 |   |   |- Guid:D64A0BF9409A36D0BA348D9977196E7E BaseClass: NativeClass:/Script/Engine.StaticMeshActor Name:StaticMeshActor_UAID_088FC327B42236A801_1589307075 Label:SM_Cube6 SpatiallyLoaded:1 Bounds:IsValid=true, Min=(X=860.000 Y=220.000 Z=-900.000), Max=(X=1110.000 Y=445.000 Z=-700.000) RuntimeGrid:None EditorOnly:0 RuntimeOnly:0 HLODRelevant:1 FolderPath:Block01 FolderGuid:7D23E5AE4C2A421F86AF6986D87E6D05
 |   |   |- Guid:E70128924389944E5C9FE4B450B080FF BaseClass:/Game/Developers/kraft/Blueprints/BP_Char1_JK.BP_Char1_JK_C NativeClass:/Script/Engine.Character Name:BP_Char1_JK_C_UAID_088FC32E6AF51AA401_1674885921 Label:BP_Char1_JK SpatiallyLoaded:1 Bounds:IsValid=true, Min=(X=765.000 Y=425.000 Z=-910.146), Max=(X=837.591 Y=495.000 Z=-680.000) RuntimeGrid:None EditorOnly:0 RuntimeOnly:0 HLODRelevant:0
 |   |   |- Guid:E8C370CA41BF1C80C86CFFB1A2B69339 BaseClass: NativeClass:/Script/Engine.StaticMeshActor Name:StaticMeshActor_8 Label:SM_Cube4 SpatiallyLoaded:1 Bounds:IsValid=true, Min=(X=860.000 Y=-0.000 Z=-900.000), Max=(X=1110.000 Y=225.000 Z=-700.000) RuntimeGrid:None EditorOnly:0 RuntimeOnly:0 HLODRelevant:1 FolderPath:Block01 FolderGuid:7D23E5AE4C2A421F86AF6986D87E6D05
 |   |   |- Guid:ECDEA71A44CC80E8D98499939D1232BC BaseClass: NativeClass:/Script/Engine.ExponentialHeightFog Name:ExponentialHeightFog_0 Label:ExponentialHeightFog SpatiallyLoaded:0 Bounds:IsValid=true, Min=(X=-5600.000 Y=-50.000 Z=-6850.000), Max=(X=-5600.000 Y=-50.000 Z=-6850.000) RuntimeGrid:None EditorOnly:0 RuntimeOnly:0 HLODRelevant:0 FolderPath:Lighting FolderGuid:963EC3EB4002CCE9759E2EBA541A873A
 |   |- [+] Clusters:
 |   |   |- [+] [  0]
 |   |   |   |- Guid:19F2023D433B1F0E5E0BA9B416222504 BaseClass: NativeClass:/Script/Engine.WorldDataLayers Name:WorldDataLayers Label:WorldDataLayers SpatiallyLoaded:0 Bounds:IsValid=true, Min=(X=0.000 Y=0.000 Z=0.000), Max=(X=0.000 Y=0.000 Z=0.000) RuntimeGrid:None EditorOnly:0 RuntimeOnly:0 HLODRelevant:0
 |   |   |- [+] [  1]
 |   |   |   |- Guid:931BBEB64A6875FE962BBD970FB406D4 BaseClass: NativeClass:/Script/Engine.StaticMeshActor Name:StaticMeshActor_1 Label:SM_Cube SpatiallyLoaded:1 Bounds:IsValid=true, Min=(X=0.000 Y=0.000 Z=-5860.000), Max=(X=3000.000 Y=3075.000 Z=-910.000) RuntimeGrid:None EditorOnly:0 RuntimeOnly:0 HLODRelevant:1 FolderPath:Playground FolderGuid:C73F09FC4215536B1DCE2A9E0A830C70
 |   |   |- [+] [  2]
 |   |   |   |- Guid:27E80D4D4E5529E5AFBA7584FCEE0F04 BaseClass: NativeClass:/Script/Engine.PlayerStart Name:PlayerStart_0 Label:PlayerStart SpatiallyLoaded:0 Bounds:IsValid=true, Min=(X=860.000 Y=1070.000 Z=-859.987), Max=(X=940.000 Y=1150.000 Z=-675.987) RuntimeGrid:None EditorOnly:0 RuntimeOnly:0 HLODRelevant:0
 |   |   |- [+] [  3]
 |   |   |   |- Guid:A0410C28408E9FABDFE4CC8608F2503D BaseClass: NativeClass:/Script/NavigationSystem.RecastNavMesh Name:RecastNavMesh_UAID_088FC32E6AF54EA601-Default Label:RecastNavMesh-Default SpatiallyLoaded:0 Bounds:IsValid=true, Min=(X=0.000 Y=0.000 Z=-860.000), Max=(X=0.000 Y=0.000 Z=-860.000) RuntimeGrid:None EditorOnly:0 RuntimeOnly:0 HLODRelevant:0
 |   |   |- [+] [  4]
 |   |   |   |- Guid:B64CA23847590C03B905A98611D84815 BaseClass: NativeClass:/Script/Engine.PostProcessVolume Name:PostProcessVolume_0 Label:PostProcessVolume SpatiallyLoaded:0 Bounds:IsValid=true, Min=(X=-5815.000 Y=-3160.000 Z=-4065.000), Max=(X=8735.000 Y=6640.000 Z=2785.000) RuntimeGrid:None EditorOnly:0 RuntimeOnly:0 HLODRelevant:0 FolderPath:Lighting FolderGuid:963EC3EB4002CCE9759E2EBA541A873A
 |   |   |- [+] [  5]
 |   |   |   |- Guid:4BA57AC5487B2B5FEBC964A2E7F5A1D0 BaseClass:/Game/Developers/kraft/Blueprints/BP_ButtonBase.BP_ButtonBase_C NativeClass:/Script/Engine.Actor Name:BP_ButtonBase_C_UAID_088FC32E6AF5A9A701_1713712255 Label:BP_ButtonBase SpatiallyLoaded:1 Bounds:IsValid=true, Min=(X=1248.000 Y=958.000 Z=-812.000), Max=(X=1312.000 Y=1022.000 Z=-748.000) RuntimeGrid:None EditorOnly:0 RuntimeOnly:0 HLODRelevant:0
 |   |   |- [+] [  6]
 |   |   |   |- Guid:ECDEA71A44CC80E8D98499939D1232BC BaseClass: NativeClass:/Script/Engine.ExponentialHeightFog Name:ExponentialHeightFog_0 Label:ExponentialHeightFog SpatiallyLoaded:0 Bounds:IsValid=true, Min=(X=-5600.000 Y=-50.000 Z=-6850.000), Max=(X=-5600.000 Y=-50.000 Z=-6850.000) RuntimeGrid:None EditorOnly:0 RuntimeOnly:0 HLODRelevant:0 FolderPath:Lighting FolderGuid:963EC3EB4002CCE9759E2EBA541A873A
 |   |   |- [+] [  7]
 |   |   |   |- Guid:8201B796495EB7B3F46B6E966435E1AA BaseClass: NativeClass:/Script/Engine.StaticMeshActor Name:StaticMeshActor_5 Label:SM_Cube2 SpatiallyLoaded:1 Bounds:IsValid=true, Min=(X=-100.000 Y=0.000 Z=-860.000), Max=(X=0.000 Y=3000.000 Z=640.000) RuntimeGrid:None EditorOnly:0 RuntimeOnly:0 HLODRelevant:1 FolderPath:Playground FolderGuid:C73F09FC4215536B1DCE2A9E0A830C70
 |   |   |- [+] [  8]
 |   |   |   |- Guid:8792E1314DF27E85EEF914B830AF69B7 BaseClass: NativeClass:/Script/Engine.StaticMeshActor Name:StaticMeshActor_UAID_088FC327B42236A801_1155240074 Label:SM_Cube5 SpatiallyLoaded:1 Bounds:IsValid=true, Min=(X=7050.000 Y=0.000 Z=-5560.000), Max=(X=8050.000 Y=3075.000 Z=-910.000) RuntimeGrid:None EditorOnly:0 RuntimeOnly:0 HLODRelevant:1 FolderPath:Playground FolderGuid:C73F09FC4215536B1DCE2A9E0A830C70
 |   |   |- [+] [  9]
 |   |   |   |- Guid:E8C370CA41BF1C80C86CFFB1A2B69339 BaseClass: NativeClass:/Script/Engine.StaticMeshActor Name:StaticMeshActor_8 Label:SM_Cube4 SpatiallyLoaded:1 Bounds:IsValid=true, Min=(X=860.000 Y=-0.000 Z=-900.000), Max=(X=1110.000 Y=225.000 Z=-700.000) RuntimeGrid:None EditorOnly:0 RuntimeOnly:0 HLODRelevant:1 FolderPath:Block01 FolderGuid:7D23E5AE4C2A421F86AF6986D87E6D05
 |   |   |- [+] [ 10]
 |   |   |   |- Guid:03853C96438A1092BED17789AB26CD94 BaseClass: NativeClass:/Script/Engine.TextRenderActor Name:TextRenderActor_1 Label:TextRenderActor SpatiallyLoaded:1 Bounds:IsValid=true, Min=(X=-0.100 Y=1100.000 Z=-794.987), Max=(X=-0.100 Y=2392.308 Z=-644.987) RuntimeGrid:None EditorOnly:0 RuntimeOnly:0 HLODRelevant:0
 |   |   |- [+] [ 11]
 |   |   |   |- Guid:E70128924389944E5C9FE4B450B080FF BaseClass:/Game/Developers/kraft/Blueprints/BP_Char1_JK.BP_Char1_JK_C NativeClass:/Script/Engine.Character Name:BP_Char1_JK_C_UAID_088FC32E6AF51AA401_1674885921 Label:BP_Char1_JK SpatiallyLoaded:1 Bounds:IsValid=true, Min=(X=765.000 Y=425.000 Z=-910.146), Max=(X=837.591 Y=495.000 Z=-680.000) RuntimeGrid:None EditorOnly:0 RuntimeOnly:0 HLODRelevant:0
 |   |   |- [+] [ 12]
 |   |   |   |- Guid:171699BA40F4E0FDF3D2929B62180DE0 BaseClass: NativeClass:/Script/Engine.SkyLight Name:SkyLight_1 Label:SkyLight SpatiallyLoaded:0 Bounds:IsValid=true, Min=(X=0.000 Y=0.000 Z=-170.000), Max=(X=0.000 Y=0.000 Z=-170.000) RuntimeGrid:None EditorOnly:0 RuntimeOnly:0 HLODRelevant:0 FolderPath:Lighting FolderGuid:963EC3EB4002CCE9759E2EBA541A873A
 |   |   |- [+] [ 13]
 |   |   |   |- Guid:03D1A5194330A91C8B30788752F33885 BaseClass: NativeClass:/Script/NavigationSystem.NavMeshBoundsVolume Name:NavMeshBoundsVolume_UAID_088FC32E6AF54EA601_1613275183 Label:NavMeshBoundsVolume SpatiallyLoaded:0 Bounds:IsValid=true, Min=(X=-6390.000 Y=-2110.000 Z=-3205.000), Max=(X=9310.000 Y=5590.000 Z=1945.000) RuntimeGrid:None EditorOnly:0 RuntimeOnly:0 HLODRelevant:0
 |   |   |- [+] [ 14]
 |   |   |   |- Guid:16551366454962231269A58E62F1EDB0 BaseClass:/Game/Developers/kraft/Blueprints/BP_Char2_JK1.BP_Char2_JK1_C NativeClass:/Script/Engine.Character Name:BP_Char2_JK1_C_UAID_088FC32E6AF51BA401_1375255099 Label:BP_Char2_JK1 SpatiallyLoaded:1 Bounds:IsValid=true, Min=(X=567.207 Y=897.131 Z=-845.476), Max=(X=613.158 Y=942.491 Z=-755.000) RuntimeGrid:None EditorOnly:0 RuntimeOnly:0 HLODRelevant:0
 |   |   |- [+] [ 15]
 |   |   |   |- Guid:33BF77B643CDB9E8451C5298A014E118 BaseClass: NativeClass:/Script/Engine.StaticMeshActor Name:StaticMeshActor_UAID_088FC327B42236A801_1591622076 Label:SM_Cube7 SpatiallyLoaded:1 Bounds:IsValid=true, Min=(X=860.000 Y=440.000 Z=-900.000), Max=(X=1110.000 Y=665.000 Z=-700.000) RuntimeGrid:None EditorOnly:0 RuntimeOnly:0 HLODRelevant:1 FolderPath:Block01 FolderGuid:7D23E5AE4C2A421F86AF6986D87E6D05
 |   |   |- [+] [ 16]
 |   |   |   |- Guid:0FF81C0F41C18C3493A0B499AA61058E BaseClass: NativeClass:/Script/Engine.StaticMeshActor Name:StaticMeshActor_UAID_088FC327B42236A801_1141128073 Label:SM_Cube3 SpatiallyLoaded:1 Bounds:IsValid=true, Min=(X=7970.000 Y=0.000 Z=-860.000), Max=(X=8070.000 Y=3000.000 Z=640.000) RuntimeGrid:None EditorOnly:0 RuntimeOnly:0 HLODRelevant:1 FolderPath:Playground FolderGuid:C73F09FC4215536B1DCE2A9E0A830C70
 |   |   |- [+] [ 17]
 |   |   |   |- Guid:3851110B4108028F08EC1CAA6E4EA9D7 BaseClass: NativeClass:/Script/Engine.DirectionalLight Name:DirectionalLight_0 Label:DirectionalLight SpatiallyLoaded:0 Bounds:IsValid=true, Min=(X=-4398046511104.000 Y=-4398046511104.000 Z=-4398046511104.000), Max=(X=4398046511104.000 Y=4398046511104.000 Z=4398046511104.000) RuntimeGrid:None EditorOnly:0 RuntimeOnly:0 HLODRelevant:0 FolderPath:Lighting FolderGuid:963EC3EB4002CCE9759E2EBA541A873A
 |   |   |- [+] [ 18]
 |   |   |   |- Guid:D64A0BF9409A36D0BA348D9977196E7E BaseClass: NativeClass:/Script/Engine.StaticMeshActor Name:StaticMeshActor_UAID_088FC327B42236A801_1589307075 Label:SM_Cube6 SpatiallyLoaded:1 Bounds:IsValid=true, Min=(X=860.000 Y=220.000 Z=-900.000), Max=(X=1110.000 Y=445.000 Z=-700.000) RuntimeGrid:None EditorOnly:0 RuntimeOnly:0 HLODRelevant:1 FolderPath:Block01 FolderGuid:7D23E5AE4C2A421F86AF6986D87E6D05
 |- ContainerInstances:
 |- [+] MainContainer:
 |   |-        ID: 0x0000000000000000
 |   |-    Bounds: IsValid=false, Min=(X=0.000 Y=0.000 Z=0.000), Max=(X=0.000 Y=0.000 Z=0.000)
 |   |- Transform: 0.000000,0.000000,0.000000|0.000000,0.000000,-0.000000|1.000000,1.000000,1.000000
 |   |- Container: /Game/ThirdPerson/Maps/TempleIntWorkMaybe
----------------------------------------------------------------------------------------------------------------
TempleIntWorkMaybe - Persistent Level
----------------------------------------------------------------------------------------------------------------
Always loaded Actor Count: 49 

----------------------------------------------------------------------------------------------------------------
TempleIntWorkMaybe - Runtime Spatial Hash - Streaming Grid - MainGrid
----------------------------------------------------------------------------------------------------------------
            Origin: X=0.000 Y=0.000 Z=0.000
         Cell Size: 12800
      World Bounds: IsValid=false, Min=(X=0.000 Y=0.000 Z=0.000), Max=(X=0.000 Y=0.000 Z=0.000)
     Loading Range: 25600.00
Block Slow Loading: No
 ClientOnlyVisible: No

[+] Grid Levels: 1
 |- Level  0: Cell Count    0 | Cell Size   12800 | Actor Count    0 (0.0%)

[+] Content of Grid Level 0

